# JRE version: OpenJDK Runtime Environment (8.0_152-b06) (build 1.8.0_152-release-1136-b06)
# Java VM: OpenJDK 64-Bit Server VM (25.152-b06 mixed mode windows-amd64 compressed oops)
Heap:
 PSYoungGen      total 466944K, used 272058K [0x00000000e0000000, 0x00000000ff800000, 0x0000000100000000)
  eden space 419840K, 62% used [0x00000000e0000000,0x00000000efef0368,0x00000000f9a00000)
  from space 47104K, 23% used [0x00000000fca00000,0x00000000fd4be830,0x00000000ff800000)
  to   space 48128K, 0% used [0x00000000f9a00000,0x00000000f9a00000,0x00000000fc900000)
 ParOldGen       total 241664K, used 91231K [0x00000000a0000000, 0x00000000aec00000, 0x00000000e0000000)
  object space 241664K, 37% used [0x00000000a0000000,0x00000000a5917fd8,0x00000000aec00000)
 Metaspace       used 111010K, capacity 115512K, committed 115672K, reserved 1150976K
  class space    used 13774K, capacity 14761K, committed 14848K, reserved 1048576K
GC Heap History (10 events):
Event: 560.030 GC heap before
{Heap before GC invocations=39 (full 5):
 PSYoungGen      total 459776K, used 405312K [0x00000000e0000000, 0x00000000ffd80000, 0x0000000100000000)
  eden space 398848K, 100% used [0x00000000e0000000,0x00000000f8580000,0x00000000f8580000)
  from space 60928K, 10% used [0x00000000f8580000,0x00000000f8bd0030,0x00000000fc100000)
  to   space 59392K, 0% used [0x00000000fc380000,0x00000000fc380000,0x00000000ffd80000)
 ParOldGen       total 241664K, used 90715K [0x00000000a0000000, 0x00000000aec00000, 0x00000000e0000000)
  object space 241664K, 37% used [0x00000000a0000000,0x00000000a5896d08,0x00000000aec00000)
 Metaspace       used 110782K, capacity 115320K, committed 115416K, reserved 1150976K
  class space    used 13772K, capacity 14761K, committed 14848K, reserved 1048576K
Event: 560.044 GC heap after
Heap after GC invocations=39 (full 5):
 PSYoungGen      total 461312K, used 4732K [0x00000000e0000000, 0x00000000ffb80000, 0x0000000100000000)
  eden space 403968K, 0% used [0x00000000e0000000,0x00000000e0000000,0x00000000f8a80000)
  from space 57344K, 8% used [0x00000000fc380000,0x00000000fc81f148,0x00000000ffb80000)
  to   space 57856K, 0% used [0x00000000f8a80000,0x00000000f8a80000,0x00000000fc300000)
 ParOldGen       total 241664K, used 91207K [0x00000000a0000000, 0x00000000aec00000, 0x00000000e0000000)
  object space 241664K, 37% used [0x00000000a0000000,0x00000000a5911fd8,0x00000000aec00000)
 Metaspace       used 110782K, capacity 115320K, committed 115416K, reserved 1150976K
  class space    used 13772K, capacity 14761K, committed 14848K, reserved 1048576K
}
Event: 562.716 GC heap before
{Heap before GC invocations=40 (full 5):
 PSYoungGen      total 461312K, used 408700K [0x00000000e0000000, 0x00000000ffb80000, 0x0000000100000000)
  eden space 403968K, 100% used [0x00000000e0000000,0x00000000f8a80000,0x00000000f8a80000)
  from space 57344K, 8% used [0x00000000fc380000,0x00000000fc81f148,0x00000000ffb80000)
  to   space 57856K, 0% used [0x00000000f8a80000,0x00000000f8a80000,0x00000000fc300000)
 ParOldGen       total 241664K, used 91207K [0x00000000a0000000, 0x00000000aec00000, 0x00000000e0000000)
  object space 241664K, 37% used [0x00000000a0000000,0x00000000a5911fd8,0x00000000aec00000)
 Metaspace       used 110790K, capacity 115320K, committed 115416K, reserved 1150976K
  class space    used 13772K, capacity 14761K, committed 14848K, reserved 1048576K
Event: 562.729 GC heap after
Heap after GC invocations=40 (full 5):
 PSYoungGen      total 461824K, used 7769K [0x00000000e0000000, 0x00000000ffb80000, 0x0000000100000000)
  eden space 403968K, 0% used [0x00000000e0000000,0x00000000e0000000,0x00000000f8a80000)
  from space 57856K, 13% used [0x00000000f8a80000,0x00000000f92166c8,0x00000000fc300000)
  to   space 55296K, 0% used [0x00000000fc580000,0x00000000fc580000,0x00000000ffb80000)
 ParOldGen       total 241664K, used 91215K [0x00000000a0000000, 0x00000000aec00000, 0x00000000e0000000)
  object space 241664K, 37% used [0x00000000a0000000,0x00000000a5913fd8,0x00000000aec00000)
 Metaspace       used 110790K, capacity 115320K, committed 115416K, reserved 1150976K
  class space    used 13772K, capacity 14761K, committed 14848K, reserved 1048576K
}
Event: 564.922 GC heap before
{Heap before GC invocations=41 (full 5):
 PSYoungGen      total 461824K, used 411737K [0x00000000e0000000, 0x00000000ffb80000, 0x0000000100000000)
  eden space 403968K, 100% used [0x00000000e0000000,0x00000000f8a80000,0x00000000f8a80000)
  from space 57856K, 13% used [0x00000000f8a80000,0x00000000f92166c8,0x00000000fc300000)
  to   space 55296K, 0% used [0x00000000fc580000,0x00000000fc580000,0x00000000ffb80000)
 ParOldGen       total 241664K, used 91215K [0x00000000a0000000, 0x00000000aec00000, 0x00000000e0000000)
  object space 241664K, 37% used [0x00000000a0000000,0x00000000a5913fd8,0x00000000aec00000)
 Metaspace       used 110796K, capacity 115320K, committed 115416K, reserved 1150976K
  class space    used 13772K, capacity 14761K, committed 14848K, reserved 1048576K
Event: 564.933 GC heap after
Heap after GC invocations=41 (full 5):
 PSYoungGen      total 464384K, used 5842K [0x00000000e0000000, 0x00000000ff980000, 0x0000000100000000)
  eden space 411136K, 0% used [0x00000000e0000000,0x00000000e0000000,0x00000000f9180000)
  from space 53248K, 10% used [0x00000000fc580000,0x00000000fcb34920,0x00000000ff980000)
  to   space 53248K, 0% used [0x00000000f9180000,0x00000000f9180000,0x00000000fc580000)
 ParOldGen       total 241664K, used 91223K [0x00000000a0000000, 0x00000000aec00000, 0x00000000e0000000)
  object space 241664K, 37% used [0x00000000a0000000,0x00000000a5915fd8,0x00000000aec00000)
 Metaspace       used 110796K, capacity 115320K, committed 115416K, reserved 1150976K
  class space    used 13772K, capacity 14761K, committed 14848K, reserved 1048576K
}
Event: 567.877 GC heap before
{Heap before GC invocations=42 (full 5):
 PSYoungGen      total 464384K, used 416978K [0x00000000e0000000, 0x00000000ff980000, 0x0000000100000000)
  eden space 411136K, 100% used [0x00000000e0000000,0x00000000f9180000,0x00000000f9180000)
  from space 53248K, 10% used [0x00000000fc580000,0x00000000fcb34920,0x00000000ff980000)
  to   space 53248K, 0% used [0x00000000f9180000,0x00000000f9180000,0x00000000fc580000)
 ParOldGen       total 241664K, used 91223K [0x00000000a0000000, 0x00000000aec00000, 0x00000000e0000000)
  object space 241664K, 37% used [0x00000000a0000000,0x00000000a5915fd8,0x00000000aec00000)
 Metaspace       used 110939K, capacity 115448K, committed 115672K, reserved 1150976K
  class space    used 13772K, capacity 14761K, committed 14848K, reserved 1048576K
Event: 567.895 GC heap after
Heap after GC invocations=42 (full 5):
 PSYoungGen      total 464384K, used 7604K [0x00000000e0000000, 0x00000000ffc00000, 0x0000000100000000)
  eden space 411136K, 0% used [0x00000000e0000000,0x00000000e0000000,0x00000000f9180000)
  from space 53248K, 14% used [0x00000000f9180000,0x00000000f98ed080,0x00000000fc580000)
  to   space 51200K, 0% used [0x00000000fca00000,0x00000000fca00000,0x00000000ffc00000)
 ParOldGen       total 241664K, used 91223K [0x00000000a0000000, 0x00000000aec00000, 0x00000000e0000000)
  object space 241664K, 37% used [0x00000000a0000000,0x00000000a5915fd8,0x00000000aec00000)
 Metaspace       used 110939K, capacity 115448K, committed 115672K, reserved 1150976K
  class space    used 13772K, capacity 14761K, committed 14848K, reserved 1048576K
}
Event: 570.447 GC heap before
{Heap before GC invocations=43 (full 5):
 PSYoungGen      total 464384K, used 418740K [0x00000000e0000000, 0x00000000ffc00000, 0x0000000100000000)
  eden space 411136K, 100% used [0x00000000e0000000,0x00000000f9180000,0x00000000f9180000)
  from space 53248K, 14% used [0x00000000f9180000,0x00000000f98ed080,0x00000000fc580000)
  to   space 51200K, 0% used [0x00000000fca00000,0x00000000fca00000,0x00000000ffc00000)
 ParOldGen       total 241664K, used 91223K [0x00000000a0000000, 0x00000000aec00000, 0x00000000e0000000)
  object space 241664K, 37% used [0x00000000a0000000,0x00000000a5915fd8,0x00000000aec00000)
 Metaspace       used 110943K, capacity 115448K, committed 115672K, reserved 1150976K
  class space    used 13772K, capacity 14761K, committed 14848K, reserved 1048576K
Event: 570.462 GC heap after
Heap after GC invocations=43 (full 5):
 PSYoungGen      total 466944K, used 11002K [0x00000000e0000000, 0x00000000ff800000, 0x0000000100000000)
  eden space 419840K, 0% used [0x00000000e0000000,0x00000000e0000000,0x00000000f9a00000)
  from space 47104K, 23% used [0x00000000fca00000,0x00000000fd4be830,0x00000000ff800000)
  to   space 48128K, 0% used [0x00000000f9a00000,0x00000000f9a00000,0x00000000fc900000)
 ParOldGen       total 241664K, used 91231K [0x00000000a0000000, 0x00000000aec00000, 0x00000000e0000000)
  object space 241664K, 37% used [0x00000000a0000000,0x00000000a5917fd8,0x00000000aec00000)
 Metaspace       used 110943K, capacity 115448K, committed 115672K, reserved 1150976K
  class space    used 13772K, capacity 14761K, committed 14848K, reserved 1048576K
}

